TN:
SF:D:\proyecto\Adminpro-Angular\pruebas\src\polyfills.ts
FNF:0
FNH:0
LF:0
LH:0
BRF:0
BRH:0
end_of_record
TN:
SF:D:\proyecto\Adminpro-Angular\pruebas\src\test.ts
FNF:0
FNH:0
DA:6,1
DA:8,1
DA:10,1
LF:3
LH:3
BRF:0
BRH:0
end_of_record
TN:
SF:D:\proyecto\Adminpro-Angular\pruebas\src\app\app.component.ts
FN:1,(anonymous_0)
FN:8,(anonymous_1)
FN:9,AppComponent
FNF:3
FNH:3
FNDA:1,(anonymous_0)
FNDA:1,(anonymous_1)
FNDA:3,AppComponent
DA:1,1
DA:2,1
DA:3,1
DA:4,1
DA:5,1
DA:8,1
DA:10,3
DA:12,1
DA:19,1
LF:9
LH:9
BRDA:1,0,0,1
BRDA:1,0,1,0
BRDA:1,0,2,1
BRDA:2,1,0,1
BRDA:2,1,1,0
BRDA:2,2,0,0
BRDA:2,2,1,0
BRDA:3,3,0,0
BRDA:3,3,1,1
BRDA:3,4,0,1
BRDA:3,4,1,1
BRDA:4,5,0,1
BRDA:4,5,1,0
BRDA:4,6,0,1
BRDA:4,6,1,0
BRDA:4,7,0,1
BRDA:4,7,1,0
BRDA:4,8,0,0
BRDA:4,8,1,0
BRDA:5,9,0,1
BRDA:5,9,1,0
BRDA:5,9,2,0
BRF:22
BRH:10
end_of_record
TN:
SF:D:\proyecto\Adminpro-Angular\pruebas\src\app\basicas\arreglos\arreglos.ts
FN:1,obtenerRobots
FNF:1
FNH:1
FNDA:2,obtenerRobots
DA:2,2
LF:1
LH:1
BRF:0
BRH:0
end_of_record
TN:
SF:D:\proyecto\Adminpro-Angular\pruebas\src\app\basicas\booleanos\booleanos.ts
FN:1,usuarioIngresado
FNF:1
FNH:1
FNDA:1,usuarioIngresado
DA:2,1
LF:1
LH:1
BRF:0
BRH:0
end_of_record
TN:
SF:D:\proyecto\Adminpro-Angular\pruebas\src\app\basicas\clases\clase.ts
FN:1,(anonymous_0)
FN:2,Jugador
FN:5,(anonymous_2)
FNF:3
FNH:3
FNDA:1,(anonymous_0)
FNDA:4,Jugador
FNDA:3,(anonymous_2)
DA:1,1
DA:3,4
DA:5,1
DA:6,3
DA:7,1
DA:10,2
DA:12,3
DA:14,1
LF:8
LH:8
BRDA:6,0,0,1
BRDA:6,0,1,2
BRF:2
BRH:2
end_of_record
TN:
SF:D:\proyecto\Adminpro-Angular\pruebas\src\app\basicas\numeros\numeros.ts
FN:1,incrementar
FNF:1
FNH:1
FNDA:2,incrementar
DA:2,2
DA:3,1
DA:6,1
LF:3
LH:3
BRDA:2,0,0,1
BRDA:2,0,1,1
BRF:2
BRH:2
end_of_record
TN:
SF:D:\proyecto\Adminpro-Angular\pruebas\src\app\basicas\string\string.ts
FN:1,mensaje
FNF:1
FNH:1
FNDA:2,mensaje
DA:2,2
LF:1
LH:1
BRF:0
BRH:0
end_of_record
TN:
SF:D:\proyecto\Adminpro-Angular\pruebas\src\app\intermedio\espias\medicos.component.ts
FN:1,(anonymous_0)
FN:7,(anonymous_1)
FN:12,(anonymous_2)
FN:13,MedicosComponent
FN:17,(anonymous_4)
FN:20,(anonymous_5)
FN:22,(anonymous_6)
FN:26,(anonymous_7)
FN:26,(anonymous_8)
FN:28,(anonymous_9)
FNF:10
FNH:10
FNDA:1,(anonymous_0)
FNDA:1,(anonymous_1)
FNDA:1,(anonymous_2)
FNDA:6,MedicosComponent
FNDA:1,(anonymous_4)
FNDA:1,(anonymous_5)
FNDA:3,(anonymous_6)
FNDA:1,(anonymous_7)
FNDA:1,(anonymous_8)
FNDA:2,(anonymous_9)
DA:1,1
DA:2,1
DA:3,1
DA:4,2
DA:5,1
DA:7,1
DA:8,1
DA:12,1
DA:14,6
DA:15,6
DA:17,1
DA:18,1
DA:19,1
DA:20,1
DA:22,1
DA:23,3
DA:24,3
DA:25,3
DA:26,1
DA:28,1
DA:29,2
DA:30,2
DA:31,1
DA:34,1
DA:42,1
LF:25
LH:25
BRDA:1,0,0,1
BRDA:1,0,1,0
BRDA:1,0,2,1
BRDA:2,1,0,1
BRDA:2,1,1,0
BRDA:2,2,0,0
BRDA:2,2,1,0
BRDA:3,3,0,0
BRDA:3,3,1,1
BRDA:3,4,0,1
BRDA:3,4,1,1
BRDA:4,5,0,2
BRDA:4,5,1,0
BRDA:4,6,0,2
BRDA:4,6,1,1
BRDA:4,7,0,2
BRDA:4,7,1,0
BRDA:4,8,0,0
BRDA:4,8,1,0
BRDA:5,9,0,1
BRDA:5,9,1,0
BRDA:5,9,2,0
BRDA:7,10,0,1
BRDA:7,10,1,0
BRDA:7,10,2,1
BRDA:8,11,0,1
BRDA:8,11,1,0
BRDA:8,12,0,1
BRDA:8,12,1,1
BRDA:30,13,0,1
BRDA:30,13,1,1
BRF:31
BRH:18
end_of_record
TN:
SF:D:\proyecto\Adminpro-Angular\pruebas\src\app\intermedio\espias\medicos.service.ts
FN:1,(anonymous_0)
FN:7,(anonymous_1)
FN:12,(anonymous_2)
FN:13,MedicosService
FN:16,(anonymous_4)
FN:18,(anonymous_5)
FN:20,(anonymous_6)
FN:22,(anonymous_7)
FN:24,(anonymous_8)
FN:26,(anonymous_9)
FNF:10
FNH:4
FNDA:1,(anonymous_0)
FNDA:1,(anonymous_1)
FNDA:1,(anonymous_2)
FNDA:1,MedicosService
FNDA:0,(anonymous_4)
FNDA:0,(anonymous_5)
FNDA:0,(anonymous_6)
FNDA:0,(anonymous_7)
FNDA:0,(anonymous_8)
FNDA:0,(anonymous_9)
DA:1,1
DA:2,1
DA:3,1
DA:4,2
DA:5,1
DA:7,1
DA:8,1
DA:12,1
DA:14,1
DA:16,1
DA:17,0
DA:18,0
DA:20,1
DA:21,0
DA:22,0
DA:24,1
DA:25,0
DA:26,0
DA:28,1
DA:32,1
LF:20
LH:14
BRDA:1,0,0,1
BRDA:1,0,1,0
BRDA:1,0,2,1
BRDA:2,1,0,1
BRDA:2,1,1,0
BRDA:2,2,0,0
BRDA:2,2,1,0
BRDA:3,3,0,0
BRDA:3,3,1,1
BRDA:3,4,0,1
BRDA:3,4,1,1
BRDA:4,5,0,2
BRDA:4,5,1,0
BRDA:4,6,0,2
BRDA:4,6,1,1
BRDA:4,7,0,2
BRDA:4,7,1,0
BRDA:4,8,0,0
BRDA:4,8,1,0
BRDA:5,9,0,1
BRDA:5,9,1,0
BRDA:5,9,2,0
BRDA:7,10,0,1
BRDA:7,10,1,0
BRDA:7,10,2,1
BRDA:8,11,0,1
BRDA:8,11,1,0
BRDA:8,12,0,1
BRDA:8,12,1,1
BRF:29
BRH:16
end_of_record
TN:
SF:D:\proyecto\Adminpro-Angular\pruebas\src\app\intermedio\eventEmitter\jugador2.ts
FN:2,(anonymous_0)
FN:3,Jugador2
FN:7,(anonymous_2)
FNF:3
FNH:3
FNDA:1,(anonymous_0)
FNDA:2,Jugador2
FNDA:2,(anonymous_2)
DA:2,1
DA:4,2
DA:5,2
DA:7,1
DA:8,2
DA:9,1
DA:12,1
DA:14,2
DA:16,1
LF:9
LH:9
BRDA:8,0,0,1
BRDA:8,0,1,1
BRF:2
BRH:2
end_of_record
TN:
SF:D:\proyecto\Adminpro-Angular\pruebas\src\app\intermedio\formularios\formulario.ts
FN:2,(anonymous_0)
FN:3,FormularioRegister
FNF:2
FNH:2
FNDA:1,(anonymous_0)
FNDA:3,FormularioRegister
DA:2,1
DA:4,3
DA:9,1
LF:3
LH:3
BRF:0
BRH:0
end_of_record
